{"$message_type":"diagnostic","message":"proc macro panicked","code":null,"level":"error","spans":[{"file_name":"src/main.rs","byte_start":32192,"byte_end":32218,"line_start":999,"line_end":999,"column_start":14,"column_end":40,"is_primary":true,"text":[{"text":"        .run(tauri::generate_context!())","highlight_start":14,"highlight_end":40}],"label":null,"suggested_replacement":null,"suggestion_applicability":null,"expansion":null}],"children":[{"message":"message: failed to read icon /root/clawd/projects/nexus-desktop/src-tauri/icons/32x32.png: unexpected end of file","code":null,"level":"help","spans":[],"children":[],"rendered":null}],"rendered":"\u001b[1m\u001b[91merror\u001b[0m\u001b[1m: proc macro panicked\u001b[0m\n   \u001b[1m\u001b[94m--> \u001b[0msrc/main.rs:999:14\n    \u001b[1m\u001b[94m|\u001b[0m\n\u001b[1m\u001b[94m999\u001b[0m \u001b[1m\u001b[94m|\u001b[0m         .run(tauri::generate_context!())\n    \u001b[1m\u001b[94m|\u001b[0m              \u001b[1m\u001b[91m^^^^^^^^^^^^^^^^^^^^^^^^^^\u001b[0m\n    \u001b[1m\u001b[94m|\u001b[0m\n    \u001b[1m\u001b[94m= \u001b[0m\u001b[1mhelp\u001b[0m: message: failed to read icon /root/clawd/projects/nexus-desktop/src-tauri/icons/32x32.png: unexpected end of file\n\n"}
{"$message_type":"diagnostic","message":"unused import: `BufReader`","code":{"code":"unused_imports","explanation":null},"level":"warning","spans":[{"file_name":"src/main.rs","byte_start":326,"byte_end":335,"line_start":9,"line_end":9,"column_start":34,"column_end":43,"is_primary":true,"text":[{"text":"use tokio::io::{AsyncBufReadExt, BufReader};","highlight_start":34,"highlight_end":43}],"label":null,"suggested_replacement":null,"suggestion_applicability":null,"expansion":null}],"children":[{"message":"`#[warn(unused_imports)]` (part of `#[warn(unused)]`) on by default","code":null,"level":"note","spans":[],"children":[],"rendered":null},{"message":"remove the unused import","code":null,"level":"help","spans":[{"file_name":"src/main.rs","byte_start":324,"byte_end":335,"line_start":9,"line_end":9,"column_start":32,"column_end":43,"is_primary":true,"text":[{"text":"use tokio::io::{AsyncBufReadExt, BufReader};","highlight_start":32,"highlight_end":43}],"label":null,"suggested_replacement":"","suggestion_applicability":"MachineApplicable","expansion":null},{"file_name":"src/main.rs","byte_start":308,"byte_end":309,"line_start":9,"line_end":9,"column_start":16,"column_end":17,"is_primary":true,"text":[{"text":"use tokio::io::{AsyncBufReadExt, BufReader};","highlight_start":16,"highlight_end":17}],"label":null,"suggested_replacement":"","suggestion_applicability":"MachineApplicable","expansion":null},{"file_name":"src/main.rs","byte_start":335,"byte_end":336,"line_start":9,"line_end":9,"column_start":43,"column_end":44,"is_primary":true,"text":[{"text":"use tokio::io::{AsyncBufReadExt, BufReader};","highlight_start":43,"highlight_end":44}],"label":null,"suggested_replacement":"","suggestion_applicability":"MachineApplicable","expansion":null}],"children":[],"rendered":null}],"rendered":"\u001b[1m\u001b[33mwarning\u001b[0m\u001b[1m: unused import: `BufReader`\u001b[0m\n \u001b[1m\u001b[94m--> \u001b[0msrc/main.rs:9:34\n  \u001b[1m\u001b[94m|\u001b[0m\n\u001b[1m\u001b[94m9\u001b[0m \u001b[1m\u001b[94m|\u001b[0m use tokio::io::{AsyncBufReadExt, BufReader};\n  \u001b[1m\u001b[94m|\u001b[0m                                  \u001b[1m\u001b[33m^^^^^^^^^\u001b[0m\n  \u001b[1m\u001b[94m|\u001b[0m\n  \u001b[1m\u001b[94m= \u001b[0m\u001b[1mnote\u001b[0m: `#[warn(unused_imports)]` (part of `#[warn(unused)]`) on by default\n\n"}
{"$message_type":"diagnostic","message":"unused import: `RwLock`","code":{"code":"unused_imports","explanation":null},"level":"warning","spans":[{"file_name":"src/main.rs","byte_start":417,"byte_end":423,"line_start":11,"line_end":11,"column_start":26,"column_end":32,"is_primary":true,"text":[{"text":"use tokio::sync::{Mutex, RwLock};","highlight_start":26,"highlight_end":32}],"label":null,"suggested_replacement":null,"suggestion_applicability":null,"expansion":null}],"children":[{"message":"remove the unused import","code":null,"level":"help","spans":[{"file_name":"src/main.rs","byte_start":415,"byte_end":423,"line_start":11,"line_end":11,"column_start":24,"column_end":32,"is_primary":true,"text":[{"text":"use tokio::sync::{Mutex, RwLock};","highlight_start":24,"highlight_end":32}],"label":null,"suggested_replacement":"","suggestion_applicability":"MachineApplicable","expansion":null},{"file_name":"src/main.rs","byte_start":409,"byte_end":410,"line_start":11,"line_end":11,"column_start":18,"column_end":19,"is_primary":true,"text":[{"text":"use tokio::sync::{Mutex, RwLock};","highlight_start":18,"highlight_end":19}],"label":null,"suggested_replacement":"","suggestion_applicability":"MachineApplicable","expansion":null},{"file_name":"src/main.rs","byte_start":423,"byte_end":424,"line_start":11,"line_end":11,"column_start":32,"column_end":33,"is_primary":true,"text":[{"text":"use tokio::sync::{Mutex, RwLock};","highlight_start":32,"highlight_end":33}],"label":null,"suggested_replacement":"","suggestion_applicability":"MachineApplicable","expansion":null}],"children":[],"rendered":null}],"rendered":"\u001b[1m\u001b[33mwarning\u001b[0m\u001b[1m: unused import: `RwLock`\u001b[0m\n  \u001b[1m\u001b[94m--> \u001b[0msrc/main.rs:11:26\n   \u001b[1m\u001b[94m|\u001b[0m\n\u001b[1m\u001b[94m11\u001b[0m \u001b[1m\u001b[94m|\u001b[0m use tokio::sync::{Mutex, RwLock};\n   \u001b[1m\u001b[94m|\u001b[0m                          \u001b[1m\u001b[33m^^^^^^\u001b[0m\n\n"}
{"$message_type":"diagnostic","message":"`await` is only allowed inside `async` functions and blocks","code":{"code":"E0728","explanation":"[`await`] has been used outside [`async`] function or [`async`] block.\n\nErroneous code example:\n\n```edition2018,compile_fail,E0728\n# use std::pin::Pin;\n# use std::future::Future;\n# use std::task::{Context, Poll};\n#\n# struct WakeOnceThenComplete(bool);\n#\n# fn wake_and_yield_once() -> WakeOnceThenComplete {\n#     WakeOnceThenComplete(false)\n# }\n#\n# impl Future for WakeOnceThenComplete {\n#     type Output = ();\n#     fn poll(mut self: Pin<&mut Self>, cx: &mut Context<'_>) -> Poll<()> {\n#         if self.0 {\n#             Poll::Ready(())\n#         } else {\n#             cx.waker().wake_by_ref();\n#             self.0 = true;\n#             Poll::Pending\n#         }\n#     }\n# }\n#\nfn foo() {\n    wake_and_yield_once().await // `await` is used outside `async` context\n}\n```\n\n[`await`] is used to suspend the current computation until the given\nfuture is ready to produce a value. So it is legal only within\nan [`async`] context, like an `async` function or an `async` block.\n\n```edition2018\n# use std::pin::Pin;\n# use std::future::Future;\n# use std::task::{Context, Poll};\n#\n# struct WakeOnceThenComplete(bool);\n#\n# fn wake_and_yield_once() -> WakeOnceThenComplete {\n#     WakeOnceThenComplete(false)\n# }\n#\n# impl Future for WakeOnceThenComplete {\n#     type Output = ();\n#     fn poll(mut self: Pin<&mut Self>, cx: &mut Context<'_>) -> Poll<()> {\n#         if self.0 {\n#             Poll::Ready(())\n#         } else {\n#             cx.waker().wake_by_ref();\n#             self.0 = true;\n#             Poll::Pending\n#         }\n#     }\n# }\n#\nasync fn foo() {\n    wake_and_yield_once().await // `await` is used within `async` function\n}\n\nfn bar(x: u8) -> impl Future<Output = u8> {\n    async move {\n        wake_and_yield_once().await; // `await` is used within `async` block\n        x\n    }\n}\n```\n\n[`async`]: https://doc.rust-lang.org/std/keyword.async.html\n[`await`]: https://doc.rust-lang.org/std/keyword.await.html\n"},"level":"error","spans":[{"file_name":"src/main.rs","byte_start":24700,"byte_end":24705,"line_start":767,"line_end":767,"column_start":38,"column_end":43,"is_primary":true,"text":[{"text":"        state.current_project.lock().await.as_ref().map(|p: &PathBuf| p.to_string_lossy().to_string())","highlight_start":38,"highlight_end":43}],"label":"only allowed inside `async` functions and blocks","suggested_replacement":null,"suggestion_applicability":null,"expansion":null},{"file_name":"src/main.rs","byte_start":24658,"byte_end":24660,"line_start":766,"line_end":766,"column_start":35,"column_end":37,"is_primary":false,"text":[{"text":"    let cwd = working_dir.or_else(|| {","highlight_start":35,"highlight_end":37}],"label":"this is not `async`","suggested_replacement":null,"suggestion_applicability":null,"expansion":null}],"children":[],"rendered":"\u001b[1m\u001b[91merror[E0728]\u001b[0m\u001b[1m: `await` is only allowed inside `async` functions and blocks\u001b[0m\n   \u001b[1m\u001b[94m--> \u001b[0msrc/main.rs:767:38\n    \u001b[1m\u001b[94m|\u001b[0m\n\u001b[1m\u001b[94m766\u001b[0m \u001b[1m\u001b[94m|\u001b[0m     let cwd = working_dir.or_else(|| {\n    \u001b[1m\u001b[94m|\u001b[0m                                   \u001b[1m\u001b[94m--\u001b[0m \u001b[1m\u001b[94mthis is not `async`\u001b[0m\n\u001b[1m\u001b[94m767\u001b[0m \u001b[1m\u001b[94m|\u001b[0m         state.current_project.lock().await.as_ref().map(|p: &PathBuf| p.to_string_lossy().to_string())\n    \u001b[1m\u001b[94m|\u001b[0m                                      \u001b[1m\u001b[91m^^^^^\u001b[0m \u001b[1m\u001b[91monly allowed inside `async` functions and blocks\u001b[0m\n\n"}
{"$message_type":"diagnostic","message":"mismatched types","code":{"code":"E0308","explanation":"Expected type did not match the received type.\n\nErroneous code examples:\n\n```compile_fail,E0308\nfn plus_one(x: i32) -> i32 {\n    x + 1\n}\n\nplus_one(\"Not a number\");\n//       ^^^^^^^^^^^^^^ expected `i32`, found `&str`\n\nif \"Not a bool\" {\n// ^^^^^^^^^^^^ expected `bool`, found `&str`\n}\n\nlet x: f32 = \"Not a float\";\n//     ---   ^^^^^^^^^^^^^ expected `f32`, found `&str`\n//     |\n//     expected due to this\n```\n\nThis error occurs when an expression was used in a place where the compiler\nexpected an expression of a different type. It can occur in several cases, the\nmost common being when calling a function and passing an argument which has a\ndifferent type than the matching type in the function declaration.\n"},"level":"error","spans":[{"file_name":"src/main.rs","byte_start":17242,"byte_end":17262,"line_start":542,"line_end":542,"column_start":34,"column_end":54,"is_primary":true,"text":[{"text":"    let state_clone = Arc::clone(&state.active_swarms);","highlight_start":34,"highlight_end":54}],"label":"expected `&Arc<_, _>`, found `&Mutex<HashMap<String, SwarmTask>>`","suggested_replacement":null,"suggestion_applicability":null,"expansion":null},{"file_name":"src/main.rs","byte_start":17231,"byte_end":17241,"line_start":542,"line_end":542,"column_start":23,"column_end":33,"is_primary":false,"text":[{"text":"    let state_clone = Arc::clone(&state.active_swarms);","highlight_start":23,"highlight_end":33}],"label":"arguments to this function are incorrect","suggested_replacement":null,"suggestion_applicability":null,"expansion":null}],"children":[{"message":"expected reference `&Arc<_, _>`\n   found reference `&tauri::async_runtime::Mutex<HashMap<std::string::String, SwarmTask>>`","code":null,"level":"note","spans":[],"children":[],"rendered":null},{"message":"method defined here","code":null,"level":"note","spans":[{"file_name":"/rustc/de6d33c033441c5880b863f94d7a3ec8cad141bd/library/core/src/clone.rs","byte_start":8828,"byte_end":8833,"line_start":236,"line_end":236,"column_start":8,"column_end":13,"is_primary":true,"text":[],"label":null,"suggested_replacement":null,"suggestion_applicability":null,"expansion":null}],"children":[],"rendered":null}],"rendered":"\u001b[1m\u001b[91merror[E0308]\u001b[0m\u001b[1m: mismatched types\u001b[0m\n   \u001b[1m\u001b[94m--> \u001b[0msrc/main.rs:542:34\n    \u001b[1m\u001b[94m|\u001b[0m\n\u001b[1m\u001b[94m542\u001b[0m \u001b[1m\u001b[94m|\u001b[0m     let state_clone = Arc::clone(&state.active_swarms);\n    \u001b[1m\u001b[94m|\u001b[0m                       \u001b[1m\u001b[94m----------\u001b[0m \u001b[1m\u001b[91m^^^^^^^^^^^^^^^^^^^^\u001b[0m \u001b[1m\u001b[91mexpected `&Arc<_, _>`, found `&Mutex<HashMap<String, SwarmTask>>`\u001b[0m\n    \u001b[1m\u001b[94m|\u001b[0m                       \u001b[1m\u001b[94m|\u001b[0m\n    \u001b[1m\u001b[94m|\u001b[0m                       \u001b[1m\u001b[94marguments to this function are incorrect\u001b[0m\n    \u001b[1m\u001b[94m|\u001b[0m\n    \u001b[1m\u001b[94m= \u001b[0m\u001b[1mnote\u001b[0m: expected reference `&\u001b[1m\u001b[35mArc<_, _>\u001b[0m`\n               found reference `&\u001b[1m\u001b[35mtauri::async_runtime::Mutex<HashMap<std::string::String, SwarmTask>>\u001b[0m`\n\u001b[1m\u001b[92mnote\u001b[0m: method defined here\n   \u001b[1m\u001b[94m--> \u001b[0m/rustc/de6d33c033441c5880b863f94d7a3ec8cad141bd/library/core/src/clone.rs:236:7\n\n"}
{"$message_type":"diagnostic","message":"type annotations needed for `Arc<_, _>`","code":{"code":"E0282","explanation":"The compiler could not infer a type and asked for a type annotation.\n\nErroneous code example:\n\n```compile_fail,E0282\nlet x = Vec::new();\n```\n\nThis error indicates that type inference did not result in one unique possible\ntype, and extra information is required. In most cases this can be provided\nby adding a type annotation. Sometimes you need to specify a generic type\nparameter manually.\n\nIn the example above, type `Vec` has a type parameter `T`. When calling\n`Vec::new`, barring any other later usage of the variable `x` that allows the\ncompiler to infer what type `T` is, the compiler needs to be told what it is.\n\nThe type can be specified on the variable:\n\n```\nlet x: Vec<i32> = Vec::new();\n```\n\nThe type can also be specified in the path of the expression:\n\n```\nlet x = Vec::<i32>::new();\n```\n\nIn cases with more complex types, it is not necessary to annotate the full\ntype. Once the ambiguity is resolved, the compiler can infer the rest:\n\n```\nlet x: Vec<_> = \"hello\".chars().rev().collect();\n```\n\nAnother way to provide the compiler with enough information, is to specify the\ngeneric type parameter:\n\n```\nlet x = \"hello\".chars().rev().collect::<Vec<char>>();\n```\n\nAgain, you need not specify the full type if the compiler can infer it:\n\n```\nlet x = \"hello\".chars().rev().collect::<Vec<_>>();\n```\n\nApart from a method or function with a generic type parameter, this error can\noccur when a type parameter of a struct or trait cannot be inferred. In that\ncase it is not always possible to use a type annotation, because all candidates\nhave the same return type. For instance:\n\n```compile_fail,E0282\nstruct Foo<T> {\n    num: T,\n}\n\nimpl<T> Foo<T> {\n    fn bar() -> i32 {\n        0\n    }\n\n    fn baz() {\n        let number = Foo::bar();\n    }\n}\n```\n\nThis will fail because the compiler does not know which instance of `Foo` to\ncall `bar` on. Change `Foo::bar()` to `Foo::<T>::bar()` to resolve the error.\n"},"level":"error","spans":[{"file_name":"src/main.rs","byte_start":17905,"byte_end":17916,"line_start":558,"line_end":558,"column_start":37,"column_end":48,"is_primary":false,"text":[{"text":"            if let Ok(mut swarms) = state_clone.try_lock() {","highlight_start":37,"highlight_end":48}],"label":"type must be known at this point","suggested_replacement":null,"suggestion_applicability":null,"expansion":null},{"file_name":"src/main.rs","byte_start":17217,"byte_end":17228,"line_start":542,"line_end":542,"column_start":9,"column_end":20,"is_primary":true,"text":[{"text":"    let state_clone = Arc::clone(&state.active_swarms);","highlight_start":9,"highlight_end":20}],"label":null,"suggested_replacement":null,"suggestion_applicability":null,"expansion":null}],"children":[{"message":"consider giving `state_clone` an explicit type, where the placeholders `_` are specified","code":null,"level":"help","spans":[{"file_name":"src/main.rs","byte_start":17228,"byte_end":17228,"line_start":542,"line_end":542,"column_start":20,"column_end":20,"is_primary":true,"text":[{"text":"    let state_clone = Arc::clone(&state.active_swarms);","highlight_start":20,"highlight_end":20}],"label":null,"suggested_replacement":": Arc<T, A>","suggestion_applicability":"HasPlaceholders","expansion":null}],"children":[],"rendered":null}],"rendered":"\u001b[1m\u001b[91merror[E0282]\u001b[0m\u001b[1m: type annotations needed for `Arc<_, _>`\u001b[0m\n   \u001b[1m\u001b[94m--> \u001b[0msrc/main.rs:542:9\n    \u001b[1m\u001b[94m|\u001b[0m\n\u001b[1m\u001b[94m542\u001b[0m \u001b[1m\u001b[94m|\u001b[0m     let state_clone = Arc::clone(&state.active_swarms);\n    \u001b[1m\u001b[94m|\u001b[0m         \u001b[1m\u001b[91m^^^^^^^^^^^\u001b[0m\n\u001b[1m\u001b[94m...\u001b[0m\n\u001b[1m\u001b[94m558\u001b[0m \u001b[1m\u001b[94m|\u001b[0m             if let Ok(mut swarms) = state_clone.try_lock() {\n    \u001b[1m\u001b[94m|\u001b[0m                                     \u001b[1m\u001b[94m-----------\u001b[0m \u001b[1m\u001b[94mtype must be known at this point\u001b[0m\n    \u001b[1m\u001b[94m|\u001b[0m\n\u001b[1m\u001b[96mhelp\u001b[0m: consider giving `state_clone` an explicit type, where the placeholders `_` are specified\n    \u001b[1m\u001b[94m|\u001b[0m\n\u001b[1m\u001b[94m542\u001b[0m \u001b[1m\u001b[94m| \u001b[0m    let state_clone\u001b[92m: Arc<T, A>\u001b[0m = Arc::clone(&state.active_swarms);\n    \u001b[1m\u001b[94m|\u001b[0m                    \u001b[92m+++++++++++\u001b[0m\n\n"}
{"$message_type":"diagnostic","message":"type annotations needed","code":{"code":"E0282","explanation":"The compiler could not infer a type and asked for a type annotation.\n\nErroneous code example:\n\n```compile_fail,E0282\nlet x = Vec::new();\n```\n\nThis error indicates that type inference did not result in one unique possible\ntype, and extra information is required. In most cases this can be provided\nby adding a type annotation. Sometimes you need to specify a generic type\nparameter manually.\n\nIn the example above, type `Vec` has a type parameter `T`. When calling\n`Vec::new`, barring any other later usage of the variable `x` that allows the\ncompiler to infer what type `T` is, the compiler needs to be told what it is.\n\nThe type can be specified on the variable:\n\n```\nlet x: Vec<i32> = Vec::new();\n```\n\nThe type can also be specified in the path of the expression:\n\n```\nlet x = Vec::<i32>::new();\n```\n\nIn cases with more complex types, it is not necessary to annotate the full\ntype. Once the ambiguity is resolved, the compiler can infer the rest:\n\n```\nlet x: Vec<_> = \"hello\".chars().rev().collect();\n```\n\nAnother way to provide the compiler with enough information, is to specify the\ngeneric type parameter:\n\n```\nlet x = \"hello\".chars().rev().collect::<Vec<char>>();\n```\n\nAgain, you need not specify the full type if the compiler can infer it:\n\n```\nlet x = \"hello\".chars().rev().collect::<Vec<_>>();\n```\n\nApart from a method or function with a generic type parameter, this error can\noccur when a type parameter of a struct or trait cannot be inferred. In that\ncase it is not always possible to use a type annotation, because all candidates\nhave the same return type. For instance:\n\n```compile_fail,E0282\nstruct Foo<T> {\n    num: T,\n}\n\nimpl<T> Foo<T> {\n    fn bar() -> i32 {\n        0\n    }\n\n    fn baz() {\n        let number = Foo::bar();\n    }\n}\n```\n\nThis will fail because the compiler does not know which instance of `Foo` to\ncall `bar` on. Change `Foo::bar()` to `Foo::<T>::bar()` to resolve the error.\n"},"level":"error","spans":[{"file_name":"src/main.rs","byte_start":17966,"byte_end":17972,"line_start":559,"line_end":559,"column_start":37,"column_end":43,"is_primary":true,"text":[{"text":"                if let Some(task) = swarms.get_mut(&task_id_clone) {","highlight_start":37,"highlight_end":43}],"label":"cannot infer type","suggested_replacement":null,"suggestion_applicability":null,"expansion":null}],"children":[],"rendered":"\u001b[1m\u001b[91merror[E0282]\u001b[0m\u001b[1m: type annotations needed\u001b[0m\n   \u001b[1m\u001b[94m--> \u001b[0msrc/main.rs:559:37\n    \u001b[1m\u001b[94m|\u001b[0m\n\u001b[1m\u001b[94m559\u001b[0m \u001b[1m\u001b[94m|\u001b[0m                 if let Some(task) = swarms.get_mut(&task_id_clone) {\n    \u001b[1m\u001b[94m|\u001b[0m                                     \u001b[1m\u001b[91m^^^^^^\u001b[0m \u001b[1m\u001b[91mcannot infer type\u001b[0m\n\n"}
{"$message_type":"diagnostic","message":"mismatched types","code":{"code":"E0308","explanation":"Expected type did not match the received type.\n\nErroneous code examples:\n\n```compile_fail,E0308\nfn plus_one(x: i32) -> i32 {\n    x + 1\n}\n\nplus_one(\"Not a number\");\n//       ^^^^^^^^^^^^^^ expected `i32`, found `&str`\n\nif \"Not a bool\" {\n// ^^^^^^^^^^^^ expected `bool`, found `&str`\n}\n\nlet x: f32 = \"Not a float\";\n//     ---   ^^^^^^^^^^^^^ expected `f32`, found `&str`\n//     |\n//     expected due to this\n```\n\nThis error occurs when an expression was used in a place where the compiler\nexpected an expression of a different type. It can occur in several cases, the\nmost common being when calling a function and passing an argument which has a\ndifferent type than the matching type in the function declaration.\n"},"level":"error","spans":[{"file_name":"src/main.rs","byte_start":20344,"byte_end":20363,"line_start":633,"line_end":633,"column_start":34,"column_end":53,"is_primary":true,"text":[{"text":"    let state_clone = Arc::clone(&state.chat_history);","highlight_start":34,"highlight_end":53}],"label":"expected `&Arc<_, _>`, found `&Mutex<Vec<ChatMessage>>`","suggested_replacement":null,"suggestion_applicability":null,"expansion":null},{"file_name":"src/main.rs","byte_start":20333,"byte_end":20343,"line_start":633,"line_end":633,"column_start":23,"column_end":33,"is_primary":false,"text":[{"text":"    let state_clone = Arc::clone(&state.chat_history);","highlight_start":23,"highlight_end":33}],"label":"arguments to this function are incorrect","suggested_replacement":null,"suggestion_applicability":null,"expansion":null}],"children":[{"message":"expected reference `&Arc<_, _>`\n   found reference `&tauri::async_runtime::Mutex<Vec<ChatMessage>>`","code":null,"level":"note","spans":[],"children":[],"rendered":null},{"message":"method defined here","code":null,"level":"note","spans":[{"file_name":"/rustc/de6d33c033441c5880b863f94d7a3ec8cad141bd/library/core/src/clone.rs","byte_start":8828,"byte_end":8833,"line_start":236,"line_end":236,"column_start":8,"column_end":13,"is_primary":true,"text":[],"label":null,"suggested_replacement":null,"suggestion_applicability":null,"expansion":null}],"children":[],"rendered":null}],"rendered":"\u001b[1m\u001b[91merror[E0308]\u001b[0m\u001b[1m: mismatched types\u001b[0m\n   \u001b[1m\u001b[94m--> \u001b[0msrc/main.rs:633:34\n    \u001b[1m\u001b[94m|\u001b[0m\n\u001b[1m\u001b[94m633\u001b[0m \u001b[1m\u001b[94m|\u001b[0m     let state_clone = Arc::clone(&state.chat_history);\n    \u001b[1m\u001b[94m|\u001b[0m                       \u001b[1m\u001b[94m----------\u001b[0m \u001b[1m\u001b[91m^^^^^^^^^^^^^^^^^^^\u001b[0m \u001b[1m\u001b[91mexpected `&Arc<_, _>`, found `&Mutex<Vec<ChatMessage>>`\u001b[0m\n    \u001b[1m\u001b[94m|\u001b[0m                       \u001b[1m\u001b[94m|\u001b[0m\n    \u001b[1m\u001b[94m|\u001b[0m                       \u001b[1m\u001b[94marguments to this function are incorrect\u001b[0m\n    \u001b[1m\u001b[94m|\u001b[0m\n    \u001b[1m\u001b[94m= \u001b[0m\u001b[1mnote\u001b[0m: expected reference `&\u001b[1m\u001b[35mArc<_, _>\u001b[0m`\n               found reference `&\u001b[1m\u001b[35mtauri::async_runtime::Mutex<Vec<ChatMessage>>\u001b[0m`\n\u001b[1m\u001b[92mnote\u001b[0m: method defined here\n   \u001b[1m\u001b[94m--> \u001b[0m/rustc/de6d33c033441c5880b863f94d7a3ec8cad141bd/library/core/src/clone.rs:236:7\n\n"}
{"$message_type":"diagnostic","message":"type annotations needed for `Arc<_, _>`","code":{"code":"E0282","explanation":"The compiler could not infer a type and asked for a type annotation.\n\nErroneous code example:\n\n```compile_fail,E0282\nlet x = Vec::new();\n```\n\nThis error indicates that type inference did not result in one unique possible\ntype, and extra information is required. In most cases this can be provided\nby adding a type annotation. Sometimes you need to specify a generic type\nparameter manually.\n\nIn the example above, type `Vec` has a type parameter `T`. When calling\n`Vec::new`, barring any other later usage of the variable `x` that allows the\ncompiler to infer what type `T` is, the compiler needs to be told what it is.\n\nThe type can be specified on the variable:\n\n```\nlet x: Vec<i32> = Vec::new();\n```\n\nThe type can also be specified in the path of the expression:\n\n```\nlet x = Vec::<i32>::new();\n```\n\nIn cases with more complex types, it is not necessary to annotate the full\ntype. Once the ambiguity is resolved, the compiler can infer the rest:\n\n```\nlet x: Vec<_> = \"hello\".chars().rev().collect();\n```\n\nAnother way to provide the compiler with enough information, is to specify the\ngeneric type parameter:\n\n```\nlet x = \"hello\".chars().rev().collect::<Vec<char>>();\n```\n\nAgain, you need not specify the full type if the compiler can infer it:\n\n```\nlet x = \"hello\".chars().rev().collect::<Vec<_>>();\n```\n\nApart from a method or function with a generic type parameter, this error can\noccur when a type parameter of a struct or trait cannot be inferred. In that\ncase it is not always possible to use a type annotation, because all candidates\nhave the same return type. For instance:\n\n```compile_fail,E0282\nstruct Foo<T> {\n    num: T,\n}\n\nimpl<T> Foo<T> {\n    fn bar() -> i32 {\n        0\n    }\n\n    fn baz() {\n        let number = Foo::bar();\n    }\n}\n```\n\nThis will fail because the compiler does not know which instance of `Foo` to\ncall `bar` on. Change `Foo::bar()` to `Foo::<T>::bar()` to resolve the error.\n"},"level":"error","spans":[{"file_name":"src/main.rs","byte_start":21148,"byte_end":21159,"line_start":652,"line_end":652,"column_start":38,"column_end":49,"is_primary":false,"text":[{"text":"            if let Ok(mut history) = state_clone.try_lock() {","highlight_start":38,"highlight_end":49}],"label":"type must be known at this point","suggested_replacement":null,"suggestion_applicability":null,"expansion":null},{"file_name":"src/main.rs","byte_start":20319,"byte_end":20330,"line_start":633,"line_end":633,"column_start":9,"column_end":20,"is_primary":true,"text":[{"text":"    let state_clone = Arc::clone(&state.chat_history);","highlight_start":9,"highlight_end":20}],"label":null,"suggested_replacement":null,"suggestion_applicability":null,"expansion":null}],"children":[{"message":"consider giving `state_clone` an explicit type, where the placeholders `_` are specified","code":null,"level":"help","spans":[{"file_name":"src/main.rs","byte_start":20330,"byte_end":20330,"line_start":633,"line_end":633,"column_start":20,"column_end":20,"is_primary":true,"text":[{"text":"    let state_clone = Arc::clone(&state.chat_history);","highlight_start":20,"highlight_end":20}],"label":null,"suggested_replacement":": Arc<T, A>","suggestion_applicability":"HasPlaceholders","expansion":null}],"children":[],"rendered":null}],"rendered":"\u001b[1m\u001b[91merror[E0282]\u001b[0m\u001b[1m: type annotations needed for `Arc<_, _>`\u001b[0m\n   \u001b[1m\u001b[94m--> \u001b[0msrc/main.rs:633:9\n    \u001b[1m\u001b[94m|\u001b[0m\n\u001b[1m\u001b[94m633\u001b[0m \u001b[1m\u001b[94m|\u001b[0m     let state_clone = Arc::clone(&state.chat_history);\n    \u001b[1m\u001b[94m|\u001b[0m         \u001b[1m\u001b[91m^^^^^^^^^^^\u001b[0m\n\u001b[1m\u001b[94m...\u001b[0m\n\u001b[1m\u001b[94m652\u001b[0m \u001b[1m\u001b[94m|\u001b[0m             if let Ok(mut history) = state_clone.try_lock() {\n    \u001b[1m\u001b[94m|\u001b[0m                                      \u001b[1m\u001b[94m-----------\u001b[0m \u001b[1m\u001b[94mtype must be known at this point\u001b[0m\n    \u001b[1m\u001b[94m|\u001b[0m\n\u001b[1m\u001b[96mhelp\u001b[0m: consider giving `state_clone` an explicit type, where the placeholders `_` are specified\n    \u001b[1m\u001b[94m|\u001b[0m\n\u001b[1m\u001b[94m633\u001b[0m \u001b[1m\u001b[94m| \u001b[0m    let state_clone\u001b[92m: Arc<T, A>\u001b[0m = Arc::clone(&state.chat_history);\n    \u001b[1m\u001b[94m|\u001b[0m                    \u001b[92m+++++++++++\u001b[0m\n\n"}
{"$message_type":"diagnostic","message":"type annotations needed","code":{"code":"E0282","explanation":"The compiler could not infer a type and asked for a type annotation.\n\nErroneous code example:\n\n```compile_fail,E0282\nlet x = Vec::new();\n```\n\nThis error indicates that type inference did not result in one unique possible\ntype, and extra information is required. In most cases this can be provided\nby adding a type annotation. Sometimes you need to specify a generic type\nparameter manually.\n\nIn the example above, type `Vec` has a type parameter `T`. When calling\n`Vec::new`, barring any other later usage of the variable `x` that allows the\ncompiler to infer what type `T` is, the compiler needs to be told what it is.\n\nThe type can be specified on the variable:\n\n```\nlet x: Vec<i32> = Vec::new();\n```\n\nThe type can also be specified in the path of the expression:\n\n```\nlet x = Vec::<i32>::new();\n```\n\nIn cases with more complex types, it is not necessary to annotate the full\ntype. Once the ambiguity is resolved, the compiler can infer the rest:\n\n```\nlet x: Vec<_> = \"hello\".chars().rev().collect();\n```\n\nAnother way to provide the compiler with enough information, is to specify the\ngeneric type parameter:\n\n```\nlet x = \"hello\".chars().rev().collect::<Vec<char>>();\n```\n\nAgain, you need not specify the full type if the compiler can infer it:\n\n```\nlet x = \"hello\".chars().rev().collect::<Vec<_>>();\n```\n\nApart from a method or function with a generic type parameter, this error can\noccur when a type parameter of a struct or trait cannot be inferred. In that\ncase it is not always possible to use a type annotation, because all candidates\nhave the same return type. For instance:\n\n```compile_fail,E0282\nstruct Foo<T> {\n    num: T,\n}\n\nimpl<T> Foo<T> {\n    fn bar() -> i32 {\n        0\n    }\n\n    fn baz() {\n        let number = Foo::bar();\n    }\n}\n```\n\nThis will fail because the compiler does not know which instance of `Foo` to\ncall `bar` on. Change `Foo::bar()` to `Foo::<T>::bar()` to resolve the error.\n"},"level":"error","spans":[{"file_name":"src/main.rs","byte_start":21208,"byte_end":21215,"line_start":653,"line_end":653,"column_start":36,"column_end":43,"is_primary":true,"text":[{"text":"                if let Some(msg) = history.iter_mut().find(|m: &mut ChatMessage| m.id == assistant_id_clone) {","highlight_start":36,"highlight_end":43}],"label":"cannot infer type","suggested_replacement":null,"suggestion_applicability":null,"expansion":null}],"children":[],"rendered":"\u001b[1m\u001b[91merror[E0282]\u001b[0m\u001b[1m: type annotations needed\u001b[0m\n   \u001b[1m\u001b[94m--> \u001b[0msrc/main.rs:653:36\n    \u001b[1m\u001b[94m|\u001b[0m\n\u001b[1m\u001b[94m653\u001b[0m \u001b[1m\u001b[94m|\u001b[0m                 if let Some(msg) = history.iter_mut().find(|m: &mut ChatMessage| m.id == assistant_id_clone) {\n    \u001b[1m\u001b[94m|\u001b[0m                                    \u001b[1m\u001b[91m^^^^^^^\u001b[0m \u001b[1m\u001b[91mcannot infer type\u001b[0m\n\n"}
{"$message_type":"diagnostic","message":"type annotations needed","code":{"code":"E0282","explanation":"The compiler could not infer a type and asked for a type annotation.\n\nErroneous code example:\n\n```compile_fail,E0282\nlet x = Vec::new();\n```\n\nThis error indicates that type inference did not result in one unique possible\ntype, and extra information is required. In most cases this can be provided\nby adding a type annotation. Sometimes you need to specify a generic type\nparameter manually.\n\nIn the example above, type `Vec` has a type parameter `T`. When calling\n`Vec::new`, barring any other later usage of the variable `x` that allows the\ncompiler to infer what type `T` is, the compiler needs to be told what it is.\n\nThe type can be specified on the variable:\n\n```\nlet x: Vec<i32> = Vec::new();\n```\n\nThe type can also be specified in the path of the expression:\n\n```\nlet x = Vec::<i32>::new();\n```\n\nIn cases with more complex types, it is not necessary to annotate the full\ntype. Once the ambiguity is resolved, the compiler can infer the rest:\n\n```\nlet x: Vec<_> = \"hello\".chars().rev().collect();\n```\n\nAnother way to provide the compiler with enough information, is to specify the\ngeneric type parameter:\n\n```\nlet x = \"hello\".chars().rev().collect::<Vec<char>>();\n```\n\nAgain, you need not specify the full type if the compiler can infer it:\n\n```\nlet x = \"hello\".chars().rev().collect::<Vec<_>>();\n```\n\nApart from a method or function with a generic type parameter, this error can\noccur when a type parameter of a struct or trait cannot be inferred. In that\ncase it is not always possible to use a type annotation, because all candidates\nhave the same return type. For instance:\n\n```compile_fail,E0282\nstruct Foo<T> {\n    num: T,\n}\n\nimpl<T> Foo<T> {\n    fn bar() -> i32 {\n        0\n    }\n\n    fn baz() {\n        let number = Foo::bar();\n    }\n}\n```\n\nThis will fail because the compiler does not know which instance of `Foo` to\ncall `bar` on. Change `Foo::bar()` to `Foo::<T>::bar()` to resolve the error.\n"},"level":"error","spans":[{"file_name":"src/main.rs","byte_start":21737,"byte_end":21744,"line_start":667,"line_end":667,"column_start":32,"column_end":39,"is_primary":true,"text":[{"text":"            if let Some(msg) = history.iter_mut().find(|m: &mut ChatMessage| m.id == assistant_id_clone) {","highlight_start":32,"highlight_end":39}],"label":"cannot infer type","suggested_replacement":null,"suggestion_applicability":null,"expansion":null}],"children":[],"rendered":"\u001b[1m\u001b[91merror[E0282]\u001b[0m\u001b[1m: type annotations needed\u001b[0m\n   \u001b[1m\u001b[94m--> \u001b[0msrc/main.rs:667:32\n    \u001b[1m\u001b[94m|\u001b[0m\n\u001b[1m\u001b[94m667\u001b[0m \u001b[1m\u001b[94m|\u001b[0m             if let Some(msg) = history.iter_mut().find(|m: &mut ChatMessage| m.id == assistant_id_clone) {\n    \u001b[1m\u001b[94m|\u001b[0m                                \u001b[1m\u001b[91m^^^^^^^\u001b[0m \u001b[1m\u001b[91mcannot infer type\u001b[0m\n\n"}
{"$message_type":"diagnostic","message":"unused import: `AsyncBufReadExt`","code":{"code":"unused_imports","explanation":null},"level":"warning","spans":[{"file_name":"src/main.rs","byte_start":309,"byte_end":324,"line_start":9,"line_end":9,"column_start":17,"column_end":32,"is_primary":true,"text":[{"text":"use tokio::io::{AsyncBufReadExt, BufReader};","highlight_start":17,"highlight_end":32}],"label":null,"suggested_replacement":null,"suggestion_applicability":null,"expansion":null}],"children":[],"rendered":"\u001b[1m\u001b[33mwarning\u001b[0m\u001b[1m: unused import: `AsyncBufReadExt`\u001b[0m\n \u001b[1m\u001b[94m--> \u001b[0msrc/main.rs:9:17\n  \u001b[1m\u001b[94m|\u001b[0m\n\u001b[1m\u001b[94m9\u001b[0m \u001b[1m\u001b[94m|\u001b[0m use tokio::io::{AsyncBufReadExt, BufReader};\n  \u001b[1m\u001b[94m|\u001b[0m                 \u001b[1m\u001b[33m^^^^^^^^^^^^^^^\u001b[0m\n\n"}
{"$message_type":"diagnostic","message":"unused variable: `output`","code":{"code":"unused_variables","explanation":null},"level":"warning","spans":[{"file_name":"src/main.rs","byte_start":22569,"byte_end":22575,"line_start":696,"line_end":696,"column_start":9,"column_end":15,"is_primary":true,"text":[{"text":"    let output = execute_nexus(&[\"memory\", \"stats\"]).await?;","highlight_start":9,"highlight_end":15}],"label":null,"suggested_replacement":null,"suggestion_applicability":null,"expansion":null}],"children":[{"message":"`#[warn(unused_variables)]` (part of `#[warn(unused)]`) on by default","code":null,"level":"note","spans":[],"children":[],"rendered":null},{"message":"if this is intentional, prefix it with an underscore","code":null,"level":"help","spans":[{"file_name":"src/main.rs","byte_start":22569,"byte_end":22575,"line_start":696,"line_end":696,"column_start":9,"column_end":15,"is_primary":true,"text":[{"text":"    let output = execute_nexus(&[\"memory\", \"stats\"]).await?;","highlight_start":9,"highlight_end":15}],"label":null,"suggested_replacement":"_output","suggestion_applicability":"MachineApplicable","expansion":null}],"children":[],"rendered":null}],"rendered":"\u001b[1m\u001b[33mwarning\u001b[0m\u001b[1m: unused variable: `output`\u001b[0m\n   \u001b[1m\u001b[94m--> \u001b[0msrc/main.rs:696:9\n    \u001b[1m\u001b[94m|\u001b[0m\n\u001b[1m\u001b[94m696\u001b[0m \u001b[1m\u001b[94m|\u001b[0m     let output = execute_nexus(&[\"memory\", \"stats\"]).await?;\n    \u001b[1m\u001b[94m|\u001b[0m         \u001b[1m\u001b[33m^^^^^^\u001b[0m \u001b[1m\u001b[33mhelp: if this is intentional, prefix it with an underscore: `_output`\u001b[0m\n    \u001b[1m\u001b[94m|\u001b[0m\n    \u001b[1m\u001b[94m= \u001b[0m\u001b[1mnote\u001b[0m: `#[warn(unused_variables)]` (part of `#[warn(unused)]`) on by default\n\n"}
{"$message_type":"diagnostic","message":"unused variable: `output`","code":{"code":"unused_variables","explanation":null},"level":"warning","spans":[{"file_name":"src/main.rs","byte_start":27865,"byte_end":27871,"line_start":859,"line_end":859,"column_start":9,"column_end":15,"is_primary":true,"text":[{"text":"    let output = execute_nexus(&[\"providers\"]).await?;","highlight_start":9,"highlight_end":15}],"label":null,"suggested_replacement":null,"suggestion_applicability":null,"expansion":null}],"children":[{"message":"if this is intentional, prefix it with an underscore","code":null,"level":"help","spans":[{"file_name":"src/main.rs","byte_start":27865,"byte_end":27871,"line_start":859,"line_end":859,"column_start":9,"column_end":15,"is_primary":true,"text":[{"text":"    let output = execute_nexus(&[\"providers\"]).await?;","highlight_start":9,"highlight_end":15}],"label":null,"suggested_replacement":"_output","suggestion_applicability":"MachineApplicable","expansion":null}],"children":[],"rendered":null}],"rendered":"\u001b[1m\u001b[33mwarning\u001b[0m\u001b[1m: unused variable: `output`\u001b[0m\n   \u001b[1m\u001b[94m--> \u001b[0msrc/main.rs:859:9\n    \u001b[1m\u001b[94m|\u001b[0m\n\u001b[1m\u001b[94m859\u001b[0m \u001b[1m\u001b[94m|\u001b[0m     let output = execute_nexus(&[\"providers\"]).await?;\n    \u001b[1m\u001b[94m|\u001b[0m         \u001b[1m\u001b[33m^^^^^^\u001b[0m \u001b[1m\u001b[33mhelp: if this is intentional, prefix it with an underscore: `_output`\u001b[0m\n\n"}
{"$message_type":"diagnostic","message":"aborting due to 9 previous errors; 5 warnings emitted","code":null,"level":"error","spans":[],"children":[],"rendered":"\u001b[1m\u001b[91merror\u001b[0m\u001b[1m: aborting due to 9 previous errors; 5 warnings emitted\u001b[0m\n\n"}
{"$message_type":"diagnostic","message":"Some errors have detailed explanations: E0282, E0308, E0728.","code":null,"level":"failure-note","spans":[],"children":[],"rendered":"\u001b[1mSome errors have detailed explanations: E0282, E0308, E0728.\u001b[0m\n"}
{"$message_type":"diagnostic","message":"For more information about an error, try `rustc --explain E0282`.","code":null,"level":"failure-note","spans":[],"children":[],"rendered":"\u001b[1mFor more information about an error, try `rustc --explain E0282`.\u001b[0m\n"}
